GROUP,PACKAGE,CLASS,INSTRUCTION_MISSED,INSTRUCTION_COVERED,BRANCH_MISSED,BRANCH_COVERED,LINE_MISSED,LINE_COVERED,COMPLEXITY_MISSED,COMPLEXITY_COVERED,METHOD_MISSED,METHOD_COVERED
MavenProject1,com.revature.Create,ORMCreator,62,0,2,0,17,0,3,0,2,0
MavenProject1,com.revature.models,Hero,46,0,0,0,19,0,10,0,10,0
MavenProject1,com.revature.Delete,ORMDeleter,32,0,2,0,9,0,3,0,2,0
MavenProject1,com.revature.util,ConnectionFactory,21,0,0,0,8,0,3,0,3,0
MavenProject1,com.revature.Update,ORMUpdater,45,0,2,0,13,0,3,0,2,0
MavenProject1,com.revature.Read,ORMReader,53,0,2,0,17,0,3,0,2,0
